<?xml version="1.0"?>
<testsuites>
  <testsuite name="PhantomJS 1.9.7 (Linux)" package="" timestamp="2014-08-18T19:58:38" id="0" hostname="vagrant-ubuntu-trusty-64" tests="9" errors="0" failures="0" time="0.12">
    <properties>
      <property name="browser.fullName" value="Mozilla/5.0 (Unknown; Linux x86_64) AppleWebKit/534.34 (KHTML, like Gecko) PhantomJS/1.9.7 Safari/534.34"/>
    </properties>
    <testcase name="should create a scope" time="0.039" classname="PhantomJS 1.9.7 (Linux).Controller: MainCtrl"/>
    <testcase name="should handle cardinal directions" time="0.041" classname="PhantomJS 1.9.7 (Linux).Filter: regionAbbreviator"/>
    <testcase name="should handle intermediate directions" time="0.006" classname="PhantomJS 1.9.7 (Linux).Filter: regionAbbreviator"/>
    <testcase name="should handle multiple regions" time="0.005" classname="PhantomJS 1.9.7 (Linux).Filter: regionAbbreviator"/>
    <testcase name="should handle non-region characters" time="0.005" classname="PhantomJS 1.9.7 (Linux).Filter: regionAbbreviator"/>
    <testcase name="should ignore capitalized content" time="0.011" classname="PhantomJS 1.9.7 (Linux).Filter: regionAbbreviator"/>
    <testcase name="should ignore invalid intermediate directions" time="0.004" classname="PhantomJS 1.9.7 (Linux).Filter: regionAbbreviator"/>
    <testcase name="should ignore invalid values but translate valid ones" time="0.005" classname="PhantomJS 1.9.7 (Linux).Filter: regionAbbreviator"/>
    <testcase name="should abbreviate availability zones" time="0.004" classname="PhantomJS 1.9.7 (Linux).Filter: regionAbbreviator"/>
    <system-out><![CDATA[
]]></system-out>
    <system-err/>
  </testsuite>
</testsuites>
